
> vibe-generated-app@1.0.0 dev
> vite


  VITE v5.4.20  ready in 198 ms

  ➜  Local:   http://localhost:3000/
  ➜  Network: http://172.20.43.234:3000/
12:50:03 AM [vite] Pre-transform error: Transform failed with 1 error:
/home/workspace/src/App.jsx:55:0: ERROR: Unexpected "}"
12:50:33 AM [vite] Internal server error: Transform failed with 1 error:
/home/workspace/src/App.jsx:55:0: ERROR: Unexpected "}"
  Plugin: vite:esbuild
  File: /home/workspace/src/App.jsx:55:0
  
  Unexpected "}"
  53 |      </div>
  54 |    )}
  55 |  }
     |  ^
  56 |  
  57 |  function Feature({ icon: Icon, title, desc, tag }) {
  
      at failureErrorWithLog (/home/workspace/node_modules/esbuild/lib/main.js:1472:15)
      at /home/workspace/node_modules/esbuild/lib/main.js:755:50
      at responseCallbacks.<computed> (/home/workspace/node_modules/esbuild/lib/main.js:622:9)
      at handleIncomingPacket (/home/workspace/node_modules/esbuild/lib/main.js:677:12)
      at Socket.readFromStdout (/home/workspace/node_modules/esbuild/lib/main.js:600:7)
      at Socket.emit (node:events:508:28)
      at addChunk (node:internal/streams/readable:559:12)
      at readableAddChunkPushByteMode (node:internal/streams/readable:510:3)
      at Readable.push (node:internal/streams/readable:390:5)
      at Pipe.onStreamRead (node:internal/stream_base_commons:189:23)
